Using pre-set license
Built from '2020.3/staging' branch; Version is '2020.3.0f1 (c7b5465681fb) revision 13088070'; Using compiler version '192528614'; Build Type 'Release'
OS: 'Windows 10 Home; OS build 19043.1151; Version 2009; 64bit' Language: 'ja' Physical Memory: 32682 MB
BatchMode: 1, IsHumanControllingUs: 0, StartBugReporterOnCrash: 0, Is64bit: 1, IsPro: 0

 COMMAND LINE ARGUMENTS:
C:\Program Files\Unity\2020.3.0f1\Editor\Unity.exe
-adb2
-batchMode
-noUpm
-name
AssetImportWorker0
-projectPath
D:/Github/Vibration/VibrationSample_2020.3.0f1(LTS)
-logFile
Logs/AssetImportWorker0.log
-srvPort
57912
Successfully changed project path to: D:/Github/Vibration/VibrationSample_2020.3.0f1(LTS)
D:/Github/Vibration/VibrationSample_2020.3.0f1(LTS)
Using Asset Import Pipeline V2.
Refreshing native plugins compatible for Editor in 26.74 ms, found 1 plugins.
Preloading 0 native plugins for Editor in 0.00 ms.
Initialize engine version: 2020.3.0f1 (c7b5465681fb)
[Subsystems] Discovering subsystems at path C:/Program Files/Unity/2020.3.0f1/Editor/Data/Resources/UnitySubsystems
[Subsystems] Discovering subsystems at path D:/Github/Vibration/VibrationSample_2020.3.0f1(LTS)/Assets
GfxDevice: creating device client; threaded=0
Direct3D:
    Version:  Direct3D 11.0 [level 11.1]
    Renderer: NVIDIA GeForce GTX 1660 SUPER (ID=0x21c4)
    Vendor:   
    VRAM:     5991 MB
    Driver:   30.0.14.7111
Initialize mono
Mono path[0] = 'C:/Program Files/Unity/2020.3.0f1/Editor/Data/Managed'
Mono path[1] = 'C:/Program Files/Unity/2020.3.0f1/Editor/Data/MonoBleedingEdge/lib/mono/unityjit'
Mono config path = 'C:/Program Files/Unity/2020.3.0f1/Editor/Data/MonoBleedingEdge/etc'
Using monoOptions --debugger-agent=transport=dt_socket,embedding=1,server=y,suspend=n,address=127.0.0.1:56096
Begin MonoManager ReloadAssembly
Registering precompiled unity dll's ...
Register platform support module: C:/Program Files/Unity/2020.3.0f1/Editor/Data/PlaybackEngines/WebGLSupport/UnityEditor.WebGL.Extensions.dll
Register platform support module: C:/Program Files/Unity/2020.3.0f1/Editor/Data/PlaybackEngines/MacStandaloneSupport/UnityEditor.OSXStandalone.Extensions.dll
Register platform support module: C:/Program Files/Unity/2020.3.0f1/Editor/Data/PlaybackEngines/WindowsStandaloneSupport/UnityEditor.WindowsStandalone.Extensions.dll
Registered in 0.003285 seconds.
Native extension for WindowsStandalone target not found
Native extension for OSXStandalone target not found
Native extension for WebGL target not found
Refreshing native plugins compatible for Editor in 24.32 ms, found 1 plugins.
Preloading 0 native plugins for Editor in 0.00 ms.
Invoked RoslynAnalysisRunner static constructor.
RoslynAnalysisRunner will not be running.
RoslynAnalysisRunner has terminated.
Mono: successfully reloaded assembly
- Completed reload, in  1.599 seconds
Platform modules already initialized, skipping
Registering precompiled user dll's ...
Registered in 0.001758 seconds.
Begin MonoManager ReloadAssembly
Native extension for WindowsStandalone target not found
Native extension for OSXStandalone target not found
Native extension for WebGL target not found
Refreshing native plugins compatible for Editor in 26.36 ms, found 1 plugins.
Preloading 0 native plugins for Editor in 0.00 ms.
Invoked RoslynAnalysisRunner static constructor.
RoslynAnalysisRunner will not be running.
RoslynAnalysisRunner has terminated.
Mono: successfully reloaded assembly
- Completed reload, in  0.868 seconds
Platform modules already initialized, skipping
========================================================================
Worker process is ready to serve import requests
Launched and connected shader compiler UnityShaderCompiler.exe after 0.05 seconds
Refreshing native plugins compatible for Editor in 0.23 ms, found 1 plugins.
Preloading 0 native plugins for Editor in 0.00 ms.
Unloading 1427 Unused Serialized files (Serialized files now loaded: 0)
System memory in use before: 67.7 MB.
System memory in use after: 67.8 MB.

Unloading 14 unused Assets to reduce memory usage. Loaded Objects now: 1868.
Total: 2.359100 ms (FindLiveObjects: 0.167900 ms CreateObjectMapping: 0.093400 ms MarkObjects: 1.992300 ms  DeleteObjects: 0.104500 ms)

========================================================================
Received Import Request.
  path: Assets/Vibrations/Scripts/ScriptableVibration.cs
  artifactKey: Guid(bb998e553609dc0468c375bf41dd23e4) Importer(815301076,1909f56bfc062723c751e8b465ee728b)
Start importing Assets/Vibrations/Scripts/ScriptableVibration.cs using Guid(bb998e553609dc0468c375bf41dd23e4) Importer(815301076,1909f56bfc062723c751e8b465ee728b)  -> (artifact id: 'ca9fdaef89d2815477ff9917176b70fd') in 0.032625 seconds
  Import took 0.034570 seconds .

========================================================================
Received Prepare
Registering precompiled user dll's ...
Registered in 0.002349 seconds.
Begin MonoManager ReloadAssembly
Native extension for WindowsStandalone target not found
Native extension for OSXStandalone target not found
Native extension for WebGL target not found
Refreshing native plugins compatible for Editor in 0.29 ms, found 1 plugins.
Preloading 0 native plugins for Editor in 0.00 ms.
Invoked RoslynAnalysisRunner static constructor.
RoslynAnalysisRunner will not be running.
RoslynAnalysisRunner has terminated.
Mono: successfully reloaded assembly
- Completed reload, in  0.712 seconds
Platform modules already initialized, skipping
Refreshing native plugins compatible for Editor in 0.25 ms, found 1 plugins.
Preloading 0 native plugins for Editor in 0.00 ms.
Unloading 1420 Unused Serialized files (Serialized files now loaded: 0)
System memory in use before: 67.7 MB.
System memory in use after: 67.8 MB.

Unloading 7 unused Assets to reduce memory usage. Loaded Objects now: 1871.
Total: 1.611800 ms (FindLiveObjects: 0.149400 ms CreateObjectMapping: 0.039000 ms MarkObjects: 1.407700 ms  DeleteObjects: 0.014800 ms)

========================================================================
Received Prepare
Registering precompiled user dll's ...
Registered in 0.002426 seconds.
Begin MonoManager ReloadAssembly
Native extension for WindowsStandalone target not found
Native extension for OSXStandalone target not found
Native extension for WebGL target not found
Refreshing native plugins compatible for Editor in 0.25 ms, found 1 plugins.
Preloading 0 native plugins for Editor in 0.00 ms.
Invoked RoslynAnalysisRunner static constructor.
RoslynAnalysisRunner will not be running.
RoslynAnalysisRunner has terminated.
Mono: successfully reloaded assembly
- Completed reload, in  0.745 seconds
Platform modules already initialized, skipping
Refreshing native plugins compatible for Editor in 0.26 ms, found 1 plugins.
Preloading 0 native plugins for Editor in 0.00 ms.
Unloading 1420 Unused Serialized files (Serialized files now loaded: 0)
System memory in use before: 67.7 MB.
System memory in use after: 67.8 MB.

Unloading 7 unused Assets to reduce memory usage. Loaded Objects now: 1874.
Total: 1.841000 ms (FindLiveObjects: 0.232200 ms CreateObjectMapping: 0.059100 ms MarkObjects: 1.528800 ms  DeleteObjects: 0.019500 ms)

========================================================================
Received Prepare
Registering precompiled user dll's ...
Registered in 0.002224 seconds.
Begin MonoManager ReloadAssembly
Native extension for WindowsStandalone target not found
Native extension for OSXStandalone target not found
Native extension for WebGL target not found
Refreshing native plugins compatible for Editor in 0.27 ms, found 1 plugins.
Preloading 0 native plugins for Editor in 0.00 ms.
Invoked RoslynAnalysisRunner static constructor.
RoslynAnalysisRunner will not be running.
RoslynAnalysisRunner has terminated.
Mono: successfully reloaded assembly
- Completed reload, in  0.774 seconds
Platform modules already initialized, skipping
Refreshing native plugins compatible for Editor in 0.25 ms, found 1 plugins.
Preloading 0 native plugins for Editor in 0.00 ms.
Unloading 1420 Unused Serialized files (Serialized files now loaded: 0)
System memory in use before: 67.7 MB.
System memory in use after: 67.8 MB.

Unloading 7 unused Assets to reduce memory usage. Loaded Objects now: 1877.
Total: 1.665700 ms (FindLiveObjects: 0.152600 ms CreateObjectMapping: 0.067400 ms MarkObjects: 1.428200 ms  DeleteObjects: 0.016200 ms)

========================================================================
Received Prepare
Registering precompiled user dll's ...
Registered in 0.002074 seconds.
Begin MonoManager ReloadAssembly
Native extension for WindowsStandalone target not found
Native extension for OSXStandalone target not found
Native extension for WebGL target not found
Refreshing native plugins compatible for Editor in 0.31 ms, found 1 plugins.
Preloading 0 native plugins for Editor in 0.00 ms.
Invoked RoslynAnalysisRunner static constructor.
RoslynAnalysisRunner will not be running.
RoslynAnalysisRunner has terminated.
Mono: successfully reloaded assembly
- Completed reload, in  0.715 seconds
Platform modules already initialized, skipping
Refreshing native plugins compatible for Editor in 0.23 ms, found 1 plugins.
Preloading 0 native plugins for Editor in 0.00 ms.
Unloading 1420 Unused Serialized files (Serialized files now loaded: 0)
System memory in use before: 67.7 MB.
System memory in use after: 67.8 MB.

Unloading 7 unused Assets to reduce memory usage. Loaded Objects now: 1880.
Total: 1.535000 ms (FindLiveObjects: 0.121900 ms CreateObjectMapping: 0.034200 ms MarkObjects: 1.366800 ms  DeleteObjects: 0.011200 ms)

========================================================================
Received Prepare
Registering precompiled user dll's ...
Registered in 0.002196 seconds.
Begin MonoManager ReloadAssembly
Native extension for WindowsStandalone target not found
Native extension for OSXStandalone target not found
Native extension for WebGL target not found
Refreshing native plugins compatible for Editor in 0.24 ms, found 1 plugins.
Preloading 0 native plugins for Editor in 0.00 ms.
Invoked RoslynAnalysisRunner static constructor.
RoslynAnalysisRunner will not be running.
RoslynAnalysisRunner has terminated.
Mono: successfully reloaded assembly
- Completed reload, in  0.726 seconds
Platform modules already initialized, skipping
Refreshing native plugins compatible for Editor in 0.24 ms, found 1 plugins.
Preloading 0 native plugins for Editor in 0.00 ms.
Unloading 1420 Unused Serialized files (Serialized files now loaded: 0)
System memory in use before: 67.7 MB.
System memory in use after: 67.8 MB.

Unloading 7 unused Assets to reduce memory usage. Loaded Objects now: 1883.
Total: 1.570300 ms (FindLiveObjects: 0.228800 ms CreateObjectMapping: 0.058400 ms MarkObjects: 1.270200 ms  DeleteObjects: 0.012200 ms)

========================================================================
Received Prepare
Registering precompiled user dll's ...
Registered in 0.002132 seconds.
Begin MonoManager ReloadAssembly
Native extension for WindowsStandalone target not found
Native extension for OSXStandalone target not found
Native extension for WebGL target not found
Refreshing native plugins compatible for Editor in 0.29 ms, found 1 plugins.
Preloading 0 native plugins for Editor in 0.00 ms.
Invoked RoslynAnalysisRunner static constructor.
RoslynAnalysisRunner will not be running.
RoslynAnalysisRunner has terminated.
Mono: successfully reloaded assembly
- Completed reload, in  0.729 seconds
Platform modules already initialized, skipping
Refreshing native plugins compatible for Editor in 0.24 ms, found 1 plugins.
Preloading 0 native plugins for Editor in 0.00 ms.
Unloading 1420 Unused Serialized files (Serialized files now loaded: 0)
System memory in use before: 67.7 MB.
System memory in use after: 67.8 MB.

Unloading 7 unused Assets to reduce memory usage. Loaded Objects now: 1886.
Total: 1.507200 ms (FindLiveObjects: 0.119500 ms CreateObjectMapping: 0.034800 ms MarkObjects: 1.340400 ms  DeleteObjects: 0.011400 ms)

========================================================================
Received Prepare
Registering precompiled user dll's ...
Registered in 0.002120 seconds.
Begin MonoManager ReloadAssembly
Native extension for WindowsStandalone target not found
Native extension for OSXStandalone target not found
Native extension for WebGL target not found
Refreshing native plugins compatible for Editor in 0.41 ms, found 1 plugins.
Preloading 0 native plugins for Editor in 0.00 ms.
Invoked RoslynAnalysisRunner static constructor.
RoslynAnalysisRunner will not be running.
RoslynAnalysisRunner has terminated.
Mono: successfully reloaded assembly
- Completed reload, in  0.727 seconds
Platform modules already initialized, skipping
Refreshing native plugins compatible for Editor in 0.26 ms, found 1 plugins.
Preloading 0 native plugins for Editor in 0.00 ms.
Unloading 1420 Unused Serialized files (Serialized files now loaded: 0)
System memory in use before: 67.7 MB.
System memory in use after: 67.8 MB.

Unloading 7 unused Assets to reduce memory usage. Loaded Objects now: 1889.
Total: 1.851400 ms (FindLiveObjects: 0.210300 ms CreateObjectMapping: 0.043500 ms MarkObjects: 1.535300 ms  DeleteObjects: 0.061500 ms)

========================================================================
Received Prepare
Registering precompiled user dll's ...
Registered in 0.002473 seconds.
Begin MonoManager ReloadAssembly
Native extension for WindowsStandalone target not found
Native extension for OSXStandalone target not found
Native extension for WebGL target not found
Refreshing native plugins compatible for Editor in 0.24 ms, found 1 plugins.
Preloading 0 native plugins for Editor in 0.00 ms.
Invoked RoslynAnalysisRunner static constructor.
RoslynAnalysisRunner will not be running.
RoslynAnalysisRunner has terminated.
Mono: successfully reloaded assembly
- Completed reload, in  0.726 seconds
Platform modules already initialized, skipping
Refreshing native plugins compatible for Editor in 0.30 ms, found 1 plugins.
Preloading 0 native plugins for Editor in 0.00 ms.
Unloading 1420 Unused Serialized files (Serialized files now loaded: 0)
System memory in use before: 67.7 MB.
System memory in use after: 67.8 MB.

Unloading 7 unused Assets to reduce memory usage. Loaded Objects now: 1892.
Total: 1.511000 ms (FindLiveObjects: 0.170800 ms CreateObjectMapping: 0.035900 ms MarkObjects: 1.290700 ms  DeleteObjects: 0.012700 ms)

========================================================================
Received Prepare
Registering precompiled user dll's ...
Registered in 0.002053 seconds.
Begin MonoManager ReloadAssembly
Native extension for WindowsStandalone target not found
Native extension for OSXStandalone target not found
Native extension for WebGL target not found
Refreshing native plugins compatible for Editor in 0.26 ms, found 1 plugins.
Preloading 0 native plugins for Editor in 0.00 ms.
Invoked RoslynAnalysisRunner static constructor.
RoslynAnalysisRunner will not be running.
RoslynAnalysisRunner has terminated.
Mono: successfully reloaded assembly
- Completed reload, in  0.738 seconds
Platform modules already initialized, skipping
Refreshing native plugins compatible for Editor in 0.24 ms, found 1 plugins.
Preloading 0 native plugins for Editor in 0.00 ms.
Unloading 1420 Unused Serialized files (Serialized files now loaded: 0)
System memory in use before: 67.7 MB.
System memory in use after: 67.9 MB.

Unloading 7 unused Assets to reduce memory usage. Loaded Objects now: 1895.
Total: 2.113100 ms (FindLiveObjects: 0.305800 ms CreateObjectMapping: 0.100200 ms MarkObjects: 1.664700 ms  DeleteObjects: 0.039000 ms)

========================================================================
Received Prepare
Registering precompiled user dll's ...
Registered in 0.001876 seconds.
Begin MonoManager ReloadAssembly
Native extension for WindowsStandalone target not found
Native extension for OSXStandalone target not found
Native extension for WebGL target not found
Refreshing native plugins compatible for Editor in 0.25 ms, found 1 plugins.
Preloading 0 native plugins for Editor in 0.00 ms.
Invoked RoslynAnalysisRunner static constructor.
RoslynAnalysisRunner will not be running.
RoslynAnalysisRunner has terminated.
Mono: successfully reloaded assembly
- Completed reload, in  0.740 seconds
Platform modules already initialized, skipping
Refreshing native plugins compatible for Editor in 0.23 ms, found 1 plugins.
Preloading 0 native plugins for Editor in 0.00 ms.
Unloading 1420 Unused Serialized files (Serialized files now loaded: 0)
System memory in use before: 67.8 MB.
System memory in use after: 67.9 MB.

Unloading 7 unused Assets to reduce memory usage. Loaded Objects now: 1898.
Total: 1.522300 ms (FindLiveObjects: 0.208800 ms CreateObjectMapping: 0.037100 ms MarkObjects: 1.264700 ms  DeleteObjects: 0.011100 ms)

========================================================================
Received Prepare
Registering precompiled user dll's ...
Registered in 0.002330 seconds.
Begin MonoManager ReloadAssembly
Native extension for WindowsStandalone target not found
Native extension for OSXStandalone target not found
Native extension for WebGL target not found
Refreshing native plugins compatible for Editor in 0.24 ms, found 1 plugins.
Preloading 0 native plugins for Editor in 0.00 ms.
Invoked RoslynAnalysisRunner static constructor.
RoslynAnalysisRunner will not be running.
RoslynAnalysisRunner has terminated.
Mono: successfully reloaded assembly
- Completed reload, in  0.724 seconds
Platform modules already initialized, skipping
Refreshing native plugins compatible for Editor in 0.31 ms, found 1 plugins.
Preloading 0 native plugins for Editor in 0.00 ms.
Unloading 1420 Unused Serialized files (Serialized files now loaded: 0)
System memory in use before: 67.8 MB.
System memory in use after: 67.9 MB.

Unloading 7 unused Assets to reduce memory usage. Loaded Objects now: 1901.
Total: 1.530700 ms (FindLiveObjects: 0.180300 ms CreateObjectMapping: 0.044700 ms MarkObjects: 1.292300 ms  DeleteObjects: 0.012000 ms)

========================================================================
Received Prepare
Registering precompiled user dll's ...
Registered in 0.001976 seconds.
Begin MonoManager ReloadAssembly
Native extension for WindowsStandalone target not found
Native extension for OSXStandalone target not found
Native extension for WebGL target not found
Refreshing native plugins compatible for Editor in 0.24 ms, found 1 plugins.
Preloading 0 native plugins for Editor in 0.00 ms.
Invoked RoslynAnalysisRunner static constructor.
RoslynAnalysisRunner will not be running.
RoslynAnalysisRunner has terminated.
Mono: successfully reloaded assembly
- Completed reload, in  0.739 seconds
Platform modules already initialized, skipping
Refreshing native plugins compatible for Editor in 0.24 ms, found 1 plugins.
Preloading 0 native plugins for Editor in 0.00 ms.
Unloading 1420 Unused Serialized files (Serialized files now loaded: 0)
System memory in use before: 67.8 MB.
System memory in use after: 67.9 MB.

Unloading 7 unused Assets to reduce memory usage. Loaded Objects now: 1904.
Total: 1.531000 ms (FindLiveObjects: 0.127300 ms CreateObjectMapping: 0.039000 ms MarkObjects: 1.351700 ms  DeleteObjects: 0.012200 ms)

========================================================================
Received Prepare
Registering precompiled user dll's ...
Registered in 0.002206 seconds.
Begin MonoManager ReloadAssembly
Native extension for WindowsStandalone target not found
Native extension for OSXStandalone target not found
Native extension for WebGL target not found
Refreshing native plugins compatible for Editor in 0.25 ms, found 1 plugins.
Preloading 0 native plugins for Editor in 0.00 ms.
Invoked RoslynAnalysisRunner static constructor.
RoslynAnalysisRunner will not be running.
RoslynAnalysisRunner has terminated.
Mono: successfully reloaded assembly
- Completed reload, in  0.730 seconds
Platform modules already initialized, skipping
Refreshing native plugins compatible for Editor in 0.24 ms, found 1 plugins.
Preloading 0 native plugins for Editor in 0.00 ms.
Unloading 1420 Unused Serialized files (Serialized files now loaded: 0)
System memory in use before: 67.8 MB.
System memory in use after: 67.9 MB.

Unloading 7 unused Assets to reduce memory usage. Loaded Objects now: 1907.
Total: 2.100900 ms (FindLiveObjects: 0.235800 ms CreateObjectMapping: 0.099600 ms MarkObjects: 1.725000 ms  DeleteObjects: 0.039800 ms)

========================================================================
Received Prepare
Registering precompiled user dll's ...
Registered in 0.002275 seconds.
Begin MonoManager ReloadAssembly
Native extension for WindowsStandalone target not found
Native extension for OSXStandalone target not found
Native extension for WebGL target not found
Refreshing native plugins compatible for Editor in 0.25 ms, found 1 plugins.
Preloading 0 native plugins for Editor in 0.00 ms.
Invoked RoslynAnalysisRunner static constructor.
RoslynAnalysisRunner will not be running.
RoslynAnalysisRunner has terminated.
Mono: successfully reloaded assembly
- Completed reload, in  0.721 seconds
Platform modules already initialized, skipping
Refreshing native plugins compatible for Editor in 0.25 ms, found 1 plugins.
Preloading 0 native plugins for Editor in 0.00 ms.
Unloading 1420 Unused Serialized files (Serialized files now loaded: 0)
System memory in use before: 67.8 MB.
System memory in use after: 67.9 MB.

Unloading 7 unused Assets to reduce memory usage. Loaded Objects now: 1910.
Total: 1.457400 ms (FindLiveObjects: 0.125700 ms CreateObjectMapping: 0.035000 ms MarkObjects: 1.284600 ms  DeleteObjects: 0.011100 ms)

========================================================================
Received Prepare
Registering precompiled user dll's ...
Registered in 0.001993 seconds.
Begin MonoManager ReloadAssembly
Native extension for WindowsStandalone target not found
Native extension for OSXStandalone target not found
Native extension for WebGL target not found
Refreshing native plugins compatible for Editor in 0.25 ms, found 1 plugins.
Preloading 0 native plugins for Editor in 0.00 ms.
Invoked RoslynAnalysisRunner static constructor.
RoslynAnalysisRunner will not be running.
RoslynAnalysisRunner has terminated.
Mono: successfully reloaded assembly
- Completed reload, in  0.734 seconds
Platform modules already initialized, skipping
Refreshing native plugins compatible for Editor in 0.24 ms, found 1 plugins.
Preloading 0 native plugins for Editor in 0.00 ms.
Unloading 1420 Unused Serialized files (Serialized files now loaded: 0)
System memory in use before: 67.8 MB.
System memory in use after: 67.9 MB.

Unloading 7 unused Assets to reduce memory usage. Loaded Objects now: 1913.
Total: 1.568400 ms (FindLiveObjects: 0.133500 ms CreateObjectMapping: 0.038200 ms MarkObjects: 1.384700 ms  DeleteObjects: 0.011400 ms)

========================================================================
Received Prepare
Registering precompiled user dll's ...
Registered in 0.002427 seconds.
Begin MonoManager ReloadAssembly
Native extension for WindowsStandalone target not found
Native extension for OSXStandalone target not found
Native extension for WebGL target not found
Refreshing native plugins compatible for Editor in 0.24 ms, found 1 plugins.
Preloading 0 native plugins for Editor in 0.00 ms.
Invoked RoslynAnalysisRunner static constructor.
RoslynAnalysisRunner will not be running.
RoslynAnalysisRunner has terminated.
Mono: successfully reloaded assembly
- Completed reload, in  0.726 seconds
Platform modules already initialized, skipping
Refreshing native plugins compatible for Editor in 0.25 ms, found 1 plugins.
Preloading 0 native plugins for Editor in 0.00 ms.
Unloading 1420 Unused Serialized files (Serialized files now loaded: 0)
System memory in use before: 67.8 MB.
System memory in use after: 67.9 MB.

Unloading 7 unused Assets to reduce memory usage. Loaded Objects now: 1916.
Total: 1.762500 ms (FindLiveObjects: 0.161900 ms CreateObjectMapping: 0.036900 ms MarkObjects: 1.550100 ms  DeleteObjects: 0.012400 ms)

========================================================================
Received Prepare
Registering precompiled user dll's ...
Registered in 0.002485 seconds.
Begin MonoManager ReloadAssembly
Native extension for WindowsStandalone target not found
Native extension for OSXStandalone target not found
Native extension for WebGL target not found
Refreshing native plugins compatible for Editor in 0.32 ms, found 1 plugins.
Preloading 0 native plugins for Editor in 0.00 ms.
Invoked RoslynAnalysisRunner static constructor.
RoslynAnalysisRunner will not be running.
RoslynAnalysisRunner has terminated.
Mono: successfully reloaded assembly
- Completed reload, in  0.724 seconds
Platform modules already initialized, skipping
Refreshing native plugins compatible for Editor in 0.27 ms, found 1 plugins.
Preloading 0 native plugins for Editor in 0.00 ms.
Unloading 1420 Unused Serialized files (Serialized files now loaded: 0)
System memory in use before: 67.8 MB.
System memory in use after: 67.9 MB.

Unloading 7 unused Assets to reduce memory usage. Loaded Objects now: 1919.
Total: 1.789100 ms (FindLiveObjects: 0.156300 ms CreateObjectMapping: 0.072100 ms MarkObjects: 1.547200 ms  DeleteObjects: 0.012600 ms)

========================================================================
Received Prepare
Registering precompiled user dll's ...
Registered in 0.002132 seconds.
Begin MonoManager ReloadAssembly
Native extension for WindowsStandalone target not found
Native extension for OSXStandalone target not found
Native extension for WebGL target not found
Refreshing native plugins compatible for Editor in 0.23 ms, found 1 plugins.
Preloading 0 native plugins for Editor in 0.00 ms.
Invoked RoslynAnalysisRunner static constructor.
RoslynAnalysisRunner will not be running.
RoslynAnalysisRunner has terminated.
Mono: successfully reloaded assembly
- Completed reload, in  0.707 seconds
Platform modules already initialized, skipping
Refreshing native plugins compatible for Editor in 0.26 ms, found 1 plugins.
Preloading 0 native plugins for Editor in 0.00 ms.
Unloading 1420 Unused Serialized files (Serialized files now loaded: 0)
System memory in use before: 67.8 MB.
System memory in use after: 67.9 MB.

Unloading 7 unused Assets to reduce memory usage. Loaded Objects now: 1922.
Total: 1.519600 ms (FindLiveObjects: 0.113300 ms CreateObjectMapping: 0.032300 ms MarkObjects: 1.336300 ms  DeleteObjects: 0.037000 ms)

========================================================================
Received Prepare
Registering precompiled user dll's ...
Registered in 0.001930 seconds.
Begin MonoManager ReloadAssembly
Native extension for WindowsStandalone target not found
Native extension for OSXStandalone target not found
Native extension for WebGL target not found
Refreshing native plugins compatible for Editor in 0.27 ms, found 1 plugins.
Preloading 0 native plugins for Editor in 0.00 ms.
Invoked RoslynAnalysisRunner static constructor.
RoslynAnalysisRunner will not be running.
RoslynAnalysisRunner has terminated.
Mono: successfully reloaded assembly
- Completed reload, in  0.713 seconds
Platform modules already initialized, skipping
Refreshing native plugins compatible for Editor in 0.24 ms, found 1 plugins.
Preloading 0 native plugins for Editor in 0.00 ms.
Unloading 1420 Unused Serialized files (Serialized files now loaded: 0)
System memory in use before: 67.8 MB.
System memory in use after: 67.9 MB.

Unloading 7 unused Assets to reduce memory usage. Loaded Objects now: 1925.
Total: 1.632300 ms (FindLiveObjects: 0.219200 ms CreateObjectMapping: 0.075000 ms MarkObjects: 1.325800 ms  DeleteObjects: 0.011400 ms)

========================================================================
Received Prepare
Registering precompiled user dll's ...
Registered in 0.002034 seconds.
Begin MonoManager ReloadAssembly
Native extension for WindowsStandalone target not found
Native extension for OSXStandalone target not found
Native extension for WebGL target not found
Refreshing native plugins compatible for Editor in 0.24 ms, found 1 plugins.
Preloading 0 native plugins for Editor in 0.00 ms.
Invoked RoslynAnalysisRunner static constructor.
RoslynAnalysisRunner will not be running.
RoslynAnalysisRunner has terminated.
Mono: successfully reloaded assembly
- Completed reload, in  0.816 seconds
Platform modules already initialized, skipping
Refreshing native plugins compatible for Editor in 0.24 ms, found 1 plugins.
Preloading 0 native plugins for Editor in 0.00 ms.
Unloading 1420 Unused Serialized files (Serialized files now loaded: 0)
System memory in use before: 67.8 MB.
System memory in use after: 67.9 MB.

Unloading 7 unused Assets to reduce memory usage. Loaded Objects now: 1928.
Total: 1.643600 ms (FindLiveObjects: 0.133100 ms CreateObjectMapping: 0.037500 ms MarkObjects: 1.454100 ms  DeleteObjects: 0.018000 ms)

========================================================================
Received Prepare
Registering precompiled user dll's ...
Registered in 0.001925 seconds.
Begin MonoManager ReloadAssembly
Native extension for WindowsStandalone target not found
Native extension for OSXStandalone target not found
Native extension for WebGL target not found
Refreshing native plugins compatible for Editor in 0.24 ms, found 1 plugins.
Preloading 0 native plugins for Editor in 0.00 ms.
Invoked RoslynAnalysisRunner static constructor.
RoslynAnalysisRunner will not be running.
RoslynAnalysisRunner has terminated.
Mono: successfully reloaded assembly
- Completed reload, in  0.811 seconds
Platform modules already initialized, skipping
Refreshing native plugins compatible for Editor in 0.24 ms, found 1 plugins.
Preloading 0 native plugins for Editor in 0.00 ms.
Unloading 1420 Unused Serialized files (Serialized files now loaded: 0)
System memory in use before: 67.8 MB.
System memory in use after: 67.9 MB.

Unloading 7 unused Assets to reduce memory usage. Loaded Objects now: 1931.
Total: 1.695000 ms (FindLiveObjects: 0.165100 ms CreateObjectMapping: 0.045400 ms MarkObjects: 1.470500 ms  DeleteObjects: 0.012900 ms)

========================================================================
Received Prepare
Registering precompiled user dll's ...
Registered in 0.001997 seconds.
Begin MonoManager ReloadAssembly
Native extension for WindowsStandalone target not found
Native extension for OSXStandalone target not found
Native extension for WebGL target not found
Refreshing native plugins compatible for Editor in 0.27 ms, found 1 plugins.
Preloading 0 native plugins for Editor in 0.00 ms.
Invoked RoslynAnalysisRunner static constructor.
RoslynAnalysisRunner will not be running.
RoslynAnalysisRunner has terminated.
Mono: successfully reloaded assembly
- Completed reload, in  0.721 seconds
Platform modules already initialized, skipping
Refreshing native plugins compatible for Editor in 0.24 ms, found 1 plugins.
Preloading 0 native plugins for Editor in 0.00 ms.
Unloading 1420 Unused Serialized files (Serialized files now loaded: 0)
System memory in use before: 67.8 MB.
System memory in use after: 67.9 MB.

Unloading 7 unused Assets to reduce memory usage. Loaded Objects now: 1934.
Total: 1.447500 ms (FindLiveObjects: 0.126900 ms CreateObjectMapping: 0.034900 ms MarkObjects: 1.273300 ms  DeleteObjects: 0.011700 ms)

========================================================================
Received Prepare
Registering precompiled user dll's ...
Registered in 0.002528 seconds.
Begin MonoManager ReloadAssembly
Native extension for WindowsStandalone target not found
Native extension for OSXStandalone target not found
Native extension for WebGL target not found
Refreshing native plugins compatible for Editor in 0.24 ms, found 1 plugins.
Preloading 0 native plugins for Editor in 0.00 ms.
Invoked RoslynAnalysisRunner static constructor.
RoslynAnalysisRunner will not be running.
RoslynAnalysisRunner has terminated.
Mono: successfully reloaded assembly
- Completed reload, in  0.706 seconds
Platform modules already initialized, skipping
Refreshing native plugins compatible for Editor in 0.25 ms, found 1 plugins.
Preloading 0 native plugins for Editor in 0.00 ms.
Unloading 1420 Unused Serialized files (Serialized files now loaded: 0)
System memory in use before: 67.8 MB.
System memory in use after: 67.9 MB.

Unloading 7 unused Assets to reduce memory usage. Loaded Objects now: 1937.
Total: 1.672100 ms (FindLiveObjects: 0.149500 ms CreateObjectMapping: 0.042500 ms MarkObjects: 1.467800 ms  DeleteObjects: 0.011600 ms)

========================================================================
Received Prepare
Registering precompiled user dll's ...
Registered in 0.002116 seconds.
Begin MonoManager ReloadAssembly
Native extension for WindowsStandalone target not found
Native extension for OSXStandalone target not found
Native extension for WebGL target not found
Refreshing native plugins compatible for Editor in 0.35 ms, found 1 plugins.
Preloading 0 native plugins for Editor in 0.00 ms.
Invoked RoslynAnalysisRunner static constructor.
RoslynAnalysisRunner will not be running.
RoslynAnalysisRunner has terminated.
Mono: successfully reloaded assembly
- Completed reload, in  0.735 seconds
Platform modules already initialized, skipping
Refreshing native plugins compatible for Editor in 0.23 ms, found 1 plugins.
Preloading 0 native plugins for Editor in 0.00 ms.
Unloading 1420 Unused Serialized files (Serialized files now loaded: 0)
System memory in use before: 67.8 MB.
System memory in use after: 67.9 MB.

Unloading 7 unused Assets to reduce memory usage. Loaded Objects now: 1940.
Total: 1.486600 ms (FindLiveObjects: 0.125900 ms CreateObjectMapping: 0.035000 ms MarkObjects: 1.314100 ms  DeleteObjects: 0.010700 ms)

========================================================================
Received Import Request.
  Time since last request: 12949.130997 seconds.
  path: Assets/Vibrations/Scripts/VibrationValues
  artifactKey: Guid(97e2c43e7ec138b42b81db58c22e7c3b) Importer(815301076,1909f56bfc062723c751e8b465ee728b)
Start importing Assets/Vibrations/Scripts/VibrationValues using Guid(97e2c43e7ec138b42b81db58c22e7c3b) Importer(815301076,1909f56bfc062723c751e8b465ee728b)  -> (artifact id: 'c854a0dc0974bed88738976ad8e1b52d') in 0.005679 seconds
  Import took 0.008024 seconds .

========================================================================
Received Import Request.
  Time since last request: 42.306401 seconds.
  path: Assets/Vibrations/Scripts/VibrationValues/IVibrationValue.cs
  artifactKey: Guid(c1f1fe997c5e58240af5f1c98afb5463) Importer(815301076,1909f56bfc062723c751e8b465ee728b)
Start importing Assets/Vibrations/Scripts/VibrationValues/IVibrationValue.cs using Guid(c1f1fe997c5e58240af5f1c98afb5463) Importer(815301076,1909f56bfc062723c751e8b465ee728b)  -> (artifact id: '604d847278cf2347173ee55d6a451023') in 0.002729 seconds
  Import took 0.010160 seconds .

========================================================================
Received Prepare
Registering precompiled user dll's ...
Registered in 0.002008 seconds.
Begin MonoManager ReloadAssembly
Native extension for WindowsStandalone target not found
Native extension for OSXStandalone target not found
Native extension for WebGL target not found
Refreshing native plugins compatible for Editor in 0.28 ms, found 1 plugins.
Preloading 0 native plugins for Editor in 0.00 ms.
Invoked RoslynAnalysisRunner static constructor.
RoslynAnalysisRunner will not be running.
RoslynAnalysisRunner has terminated.
Mono: successfully reloaded assembly
- Completed reload, in  0.776 seconds
Platform modules already initialized, skipping
Refreshing native plugins compatible for Editor in 0.26 ms, found 1 plugins.
Preloading 0 native plugins for Editor in 0.00 ms.
Unloading 1421 Unused Serialized files (Serialized files now loaded: 0)
System memory in use before: 67.9 MB.
System memory in use after: 68.0 MB.

Unloading 7 unused Assets to reduce memory usage. Loaded Objects now: 1944.
Total: 1.579700 ms (FindLiveObjects: 0.142300 ms CreateObjectMapping: 0.038900 ms MarkObjects: 1.384700 ms  DeleteObjects: 0.013100 ms)

========================================================================
Received Prepare
Registering precompiled user dll's ...
Registered in 0.001786 seconds.
Begin MonoManager ReloadAssembly
Native extension for WindowsStandalone target not found
Native extension for OSXStandalone target not found
Native extension for WebGL target not found
Refreshing native plugins compatible for Editor in 0.25 ms, found 1 plugins.
Preloading 0 native plugins for Editor in 0.00 ms.
Invoked RoslynAnalysisRunner static constructor.
RoslynAnalysisRunner will not be running.
RoslynAnalysisRunner has terminated.
Mono: successfully reloaded assembly
- Completed reload, in  0.724 seconds
Platform modules already initialized, skipping
Refreshing native plugins compatible for Editor in 0.25 ms, found 1 plugins.
Preloading 0 native plugins for Editor in 0.00 ms.
Unloading 1421 Unused Serialized files (Serialized files now loaded: 0)
System memory in use before: 67.9 MB.
System memory in use after: 68.0 MB.

Unloading 7 unused Assets to reduce memory usage. Loaded Objects now: 1947.
Total: 2.163400 ms (FindLiveObjects: 0.210100 ms CreateObjectMapping: 0.039500 ms MarkObjects: 1.898400 ms  DeleteObjects: 0.014400 ms)

========================================================================
Received Import Request.
  Time since last request: 115.114677 seconds.
  path: Assets/Vibrations/Scripts/VibrationValues/IVibrationValue.cs
  artifactKey: Guid(c1f1fe997c5e58240af5f1c98afb5463) Importer(815301076,1909f56bfc062723c751e8b465ee728b)
Start importing Assets/Vibrations/Scripts/VibrationValues/IVibrationValue.cs using Guid(c1f1fe997c5e58240af5f1c98afb5463) Importer(815301076,1909f56bfc062723c751e8b465ee728b)  -> (artifact id: 'b4669aa65e122c0f44db536e5228492c') in 0.005074 seconds
  Import took 0.007201 seconds .

========================================================================
Received Import Request.
  Time since last request: 0.010007 seconds.
  path: Assets/Vibrations/Scripts/VibrationValues/IVibrationValue.cs
  artifactKey: Guid(c1f1fe997c5e58240af5f1c98afb5463) Importer(815301076,1909f56bfc062723c751e8b465ee728b)
Start importing Assets/Vibrations/Scripts/VibrationValues/IVibrationValue.cs using Guid(c1f1fe997c5e58240af5f1c98afb5463) Importer(815301076,1909f56bfc062723c751e8b465ee728b)  -> (artifact id: 'b4669aa65e122c0f44db536e5228492c') in 0.003044 seconds
  Import took 0.005065 seconds .

========================================================================
Received Import Request.
  Time since last request: 7.518867 seconds.
  path: Assets/Vibrations/Scripts/VibrationValues/MonotonyVibration.cs
  artifactKey: Guid(99d80692a293e89438ceac289dc05d8c) Importer(815301076,1909f56bfc062723c751e8b465ee728b)
Start importing Assets/Vibrations/Scripts/VibrationValues/MonotonyVibration.cs using Guid(99d80692a293e89438ceac289dc05d8c) Importer(815301076,1909f56bfc062723c751e8b465ee728b)  -> (artifact id: '883973bd0728b08ddcdc7d2f3e12ccee') in 0.003827 seconds
  Import took 0.006041 seconds .

========================================================================
Received Prepare
Registering precompiled user dll's ...
Registered in 0.002033 seconds.
Begin MonoManager ReloadAssembly
Native extension for WindowsStandalone target not found
Native extension for OSXStandalone target not found
Native extension for WebGL target not found
Refreshing native plugins compatible for Editor in 0.30 ms, found 1 plugins.
Preloading 0 native plugins for Editor in 0.00 ms.
Invoked RoslynAnalysisRunner static constructor.
RoslynAnalysisRunner will not be running.
RoslynAnalysisRunner has terminated.
Mono: successfully reloaded assembly
- Completed reload, in  0.768 seconds
Platform modules already initialized, skipping
Refreshing native plugins compatible for Editor in 0.27 ms, found 1 plugins.
Preloading 0 native plugins for Editor in 0.00 ms.
Unloading 1422 Unused Serialized files (Serialized files now loaded: 0)
System memory in use before: 67.9 MB.
System memory in use after: 68.0 MB.

Unloading 7 unused Assets to reduce memory usage. Loaded Objects now: 1951.
Total: 1.604200 ms (FindLiveObjects: 0.129000 ms CreateObjectMapping: 0.033200 ms MarkObjects: 1.429200 ms  DeleteObjects: 0.011800 ms)

========================================================================
Received Prepare
Registering precompiled user dll's ...
Registered in 0.002175 seconds.
Begin MonoManager ReloadAssembly
Native extension for WindowsStandalone target not found
Native extension for OSXStandalone target not found
Native extension for WebGL target not found
Refreshing native plugins compatible for Editor in 0.30 ms, found 1 plugins.
Preloading 0 native plugins for Editor in 0.00 ms.
Invoked RoslynAnalysisRunner static constructor.
RoslynAnalysisRunner will not be running.
RoslynAnalysisRunner has terminated.
Mono: successfully reloaded assembly
- Completed reload, in  0.709 seconds
Platform modules already initialized, skipping
Refreshing native plugins compatible for Editor in 0.24 ms, found 1 plugins.
Preloading 0 native plugins for Editor in 0.00 ms.
Unloading 1422 Unused Serialized files (Serialized files now loaded: 0)
System memory in use before: 67.9 MB.
System memory in use after: 68.0 MB.

Unloading 7 unused Assets to reduce memory usage. Loaded Objects now: 1954.
Total: 1.893000 ms (FindLiveObjects: 0.260200 ms CreateObjectMapping: 0.038600 ms MarkObjects: 1.580600 ms  DeleteObjects: 0.013000 ms)

========================================================================
Received Import Request.
  Time since last request: 56.412820 seconds.
  path: Assets/Vibrations/Scripts/VibrationValues/MonotonyVibration.cs
  artifactKey: Guid(99d80692a293e89438ceac289dc05d8c) Importer(815301076,1909f56bfc062723c751e8b465ee728b)
Start importing Assets/Vibrations/Scripts/VibrationValues/MonotonyVibration.cs using Guid(99d80692a293e89438ceac289dc05d8c) Importer(815301076,1909f56bfc062723c751e8b465ee728b)  -> (artifact id: '20008e995c98420c887ec9738a7ea0bf') in 0.004822 seconds
  Import took 0.006800 seconds .

========================================================================
Received Import Request.
  Time since last request: 0.004682 seconds.
  path: Assets/Vibrations/Scripts/VibrationValues/MonotonyVibration.cs
  artifactKey: Guid(99d80692a293e89438ceac289dc05d8c) Importer(815301076,1909f56bfc062723c751e8b465ee728b)
Start importing Assets/Vibrations/Scripts/VibrationValues/MonotonyVibration.cs using Guid(99d80692a293e89438ceac289dc05d8c) Importer(815301076,1909f56bfc062723c751e8b465ee728b)  -> (artifact id: '20008e995c98420c887ec9738a7ea0bf') in 0.003119 seconds
  Import took 0.004948 seconds .

========================================================================
Received Import Request.
  Time since last request: 8.517808 seconds.
  path: Assets/Vibrations/Scripts/VibrationValues/CurveVibration.cs
  artifactKey: Guid(06eaf3306c4e7064d8542097b1a6e27d) Importer(815301076,1909f56bfc062723c751e8b465ee728b)
Start importing Assets/Vibrations/Scripts/VibrationValues/CurveVibration.cs using Guid(06eaf3306c4e7064d8542097b1a6e27d) Importer(815301076,1909f56bfc062723c751e8b465ee728b)  -> (artifact id: '2e878ca8b8ae75cc15e3206a8797f827') in 0.002877 seconds
  Import took 0.005177 seconds .

========================================================================
Received Prepare
Registering precompiled user dll's ...
Registered in 0.002124 seconds.
Begin MonoManager ReloadAssembly
Native extension for WindowsStandalone target not found
Native extension for OSXStandalone target not found
Native extension for WebGL target not found
Refreshing native plugins compatible for Editor in 0.24 ms, found 1 plugins.
Preloading 0 native plugins for Editor in 0.00 ms.
Invoked RoslynAnalysisRunner static constructor.
RoslynAnalysisRunner will not be running.
RoslynAnalysisRunner has terminated.
Mono: successfully reloaded assembly
- Completed reload, in  0.747 seconds
Platform modules already initialized, skipping
Refreshing native plugins compatible for Editor in 0.24 ms, found 1 plugins.
Preloading 0 native plugins for Editor in 0.00 ms.
Unloading 1423 Unused Serialized files (Serialized files now loaded: 0)
System memory in use before: 67.9 MB.
System memory in use after: 68.1 MB.

Unloading 7 unused Assets to reduce memory usage. Loaded Objects now: 1958.
Total: 1.589400 ms (FindLiveObjects: 0.154700 ms CreateObjectMapping: 0.039300 ms MarkObjects: 1.383500 ms  DeleteObjects: 0.011200 ms)

========================================================================
Received Prepare
Registering precompiled user dll's ...
Registered in 0.001770 seconds.
Begin MonoManager ReloadAssembly
Native extension for WindowsStandalone target not found
Native extension for OSXStandalone target not found
Native extension for WebGL target not found
Refreshing native plugins compatible for Editor in 0.24 ms, found 1 plugins.
Preloading 0 native plugins for Editor in 0.00 ms.
Invoked RoslynAnalysisRunner static constructor.
RoslynAnalysisRunner will not be running.
RoslynAnalysisRunner has terminated.
Mono: successfully reloaded assembly
- Completed reload, in  0.698 seconds
Platform modules already initialized, skipping
Refreshing native plugins compatible for Editor in 0.24 ms, found 1 plugins.
Preloading 0 native plugins for Editor in 0.00 ms.
Unloading 1423 Unused Serialized files (Serialized files now loaded: 0)
System memory in use before: 68.0 MB.
System memory in use after: 68.1 MB.

Unloading 7 unused Assets to reduce memory usage. Loaded Objects now: 1961.
Total: 1.765300 ms (FindLiveObjects: 0.182500 ms CreateObjectMapping: 0.035600 ms MarkObjects: 1.533500 ms  DeleteObjects: 0.012600 ms)

========================================================================
Received Import Request.
  Time since last request: 196.053060 seconds.
  path: Assets/Vibrations/Scripts/VibrationValues/Editor
  artifactKey: Guid(600aa4385331a4c4a9888819b68f98a5) Importer(815301076,1909f56bfc062723c751e8b465ee728b)
Start importing Assets/Vibrations/Scripts/VibrationValues/Editor using Guid(600aa4385331a4c4a9888819b68f98a5) Importer(815301076,1909f56bfc062723c751e8b465ee728b)  -> (artifact id: '2a2a63983f51b4fce26bcf8a3f2506ac') in 0.006703 seconds
  Import took 0.008763 seconds .

========================================================================
Received Import Request.
  Time since last request: 18.193367 seconds.
  path: Assets/Vibrations/Editor/Scripts/ScriptableVibrationEditor.cs
  artifactKey: Guid(aea5b4328680c36418ba78aae5089315) Importer(815301076,1909f56bfc062723c751e8b465ee728b)
Start importing Assets/Vibrations/Editor/Scripts/ScriptableVibrationEditor.cs using Guid(aea5b4328680c36418ba78aae5089315) Importer(815301076,1909f56bfc062723c751e8b465ee728b)  -> (artifact id: '4f8ebc19c982aa0694675ef030356dab') in 0.003029 seconds
  Import took 0.005228 seconds .

========================================================================
Received Import Request.
  Time since last request: 0.001475 seconds.
  path: Assets/Vibrations/Editor/Scripts/ScriptableVibrationEditor.cs
  artifactKey: Guid(aea5b4328680c36418ba78aae5089315) Importer(815301076,1909f56bfc062723c751e8b465ee728b)
Start importing Assets/Vibrations/Editor/Scripts/ScriptableVibrationEditor.cs using Guid(aea5b4328680c36418ba78aae5089315) Importer(815301076,1909f56bfc062723c751e8b465ee728b)  -> (artifact id: '4f8ebc19c982aa0694675ef030356dab') in 0.003156 seconds
  Import took 0.005152 seconds .

========================================================================
Received Import Request.
  Time since last request: 0.925736 seconds.
  path: Assets/Vibrations/Editor/Scripts/VibrationParameterDrawer.cs
  artifactKey: Guid(67a9123c631d11242a9f0de7f416bb27) Importer(815301076,1909f56bfc062723c751e8b465ee728b)
Start importing Assets/Vibrations/Editor/Scripts/VibrationParameterDrawer.cs using Guid(67a9123c631d11242a9f0de7f416bb27) Importer(815301076,1909f56bfc062723c751e8b465ee728b)  -> (artifact id: 'ce2e2c884940efb4b10515aefbe67f6d') in 0.002953 seconds
  Import took 0.005066 seconds .

========================================================================
Received Import Request.
  Time since last request: 0.001071 seconds.
  path: Assets/Vibrations/Editor/Scripts/VibrationParameterDrawer.cs
  artifactKey: Guid(67a9123c631d11242a9f0de7f416bb27) Importer(815301076,1909f56bfc062723c751e8b465ee728b)
Start importing Assets/Vibrations/Editor/Scripts/VibrationParameterDrawer.cs using Guid(67a9123c631d11242a9f0de7f416bb27) Importer(815301076,1909f56bfc062723c751e8b465ee728b)  -> (artifact id: 'ce2e2c884940efb4b10515aefbe67f6d') in 0.002536 seconds
  Import took 0.004991 seconds .

========================================================================
Received Import Request.
  Time since last request: 56.458641 seconds.
  path: Assets/Vibrations/ScriptableObjects/Scripts
  artifactKey: Guid(e06121b52d6754b458c75d78b7584f5d) Importer(815301076,1909f56bfc062723c751e8b465ee728b)
Start importing Assets/Vibrations/ScriptableObjects/Scripts using Guid(e06121b52d6754b458c75d78b7584f5d) Importer(815301076,1909f56bfc062723c751e8b465ee728b)  -> (artifact id: '19e82f48a63ea6757d7658a8b5a3a197') in 0.008837 seconds
  Import took 0.010794 seconds .

========================================================================
Received Prepare
Registering precompiled user dll's ...
Registered in 0.001576 seconds.
Begin MonoManager ReloadAssembly
Native extension for WindowsStandalone target not found
Native extension for OSXStandalone target not found
Native extension for WebGL target not found
Refreshing native plugins compatible for Editor in 0.34 ms, found 1 plugins.
Preloading 0 native plugins for Editor in 0.00 ms.
Invoked RoslynAnalysisRunner static constructor.
RoslynAnalysisRunner will not be running.
RoslynAnalysisRunner has terminated.
Mono: successfully reloaded assembly
- Completed reload, in  0.734 seconds
Platform modules already initialized, skipping
Refreshing native plugins compatible for Editor in 0.25 ms, found 1 plugins.
Preloading 0 native plugins for Editor in 0.00 ms.
Unloading 1423 Unused Serialized files (Serialized files now loaded: 0)
System memory in use before: 68.0 MB.
System memory in use after: 68.1 MB.

Unloading 7 unused Assets to reduce memory usage. Loaded Objects now: 1964.
Total: 1.563600 ms (FindLiveObjects: 0.176100 ms CreateObjectMapping: 0.035400 ms MarkObjects: 1.339600 ms  DeleteObjects: 0.011400 ms)

========================================================================
Received Import Request.
  Time since last request: 177.520216 seconds.
  path: Assets/Vibrations/Scripts/VibrationValues.cs
  artifactKey: Guid(880141951355efd47920fd3e6751a214) Importer(815301076,1909f56bfc062723c751e8b465ee728b)
Start importing Assets/Vibrations/Scripts/VibrationValues.cs using Guid(880141951355efd47920fd3e6751a214) Importer(815301076,1909f56bfc062723c751e8b465ee728b)  -> (artifact id: '8c31791b544a17c3e38fa3c7d1cce671') in 0.006412 seconds
  Import took 0.008564 seconds .

========================================================================
Received Import Request.
  Time since last request: 0.002047 seconds.
  path: Assets/Vibrations/Scripts/VibrationValues.cs
  artifactKey: Guid(880141951355efd47920fd3e6751a214) Importer(815301076,1909f56bfc062723c751e8b465ee728b)
Start importing Assets/Vibrations/Scripts/VibrationValues.cs using Guid(880141951355efd47920fd3e6751a214) Importer(815301076,1909f56bfc062723c751e8b465ee728b)  -> (artifact id: '8c31791b544a17c3e38fa3c7d1cce671') in 0.004102 seconds
  Import took 0.006246 seconds .

========================================================================
Received Prepare
Registering precompiled user dll's ...
Registered in 0.002089 seconds.
Begin MonoManager ReloadAssembly
Native extension for WindowsStandalone target not found
Native extension for OSXStandalone target not found
Native extension for WebGL target not found
Refreshing native plugins compatible for Editor in 0.25 ms, found 1 plugins.
Preloading 0 native plugins for Editor in 0.00 ms.
Invoked RoslynAnalysisRunner static constructor.
RoslynAnalysisRunner will not be running.
RoslynAnalysisRunner has terminated.
Mono: successfully reloaded assembly
- Completed reload, in  0.744 seconds
Platform modules already initialized, skipping
Refreshing native plugins compatible for Editor in 0.23 ms, found 1 plugins.
Preloading 0 native plugins for Editor in 0.00 ms.
Unloading 1423 Unused Serialized files (Serialized files now loaded: 0)
System memory in use before: 68.0 MB.
System memory in use after: 68.1 MB.

Unloading 7 unused Assets to reduce memory usage. Loaded Objects now: 1967.
Total: 1.665600 ms (FindLiveObjects: 0.187500 ms CreateObjectMapping: 0.067000 ms MarkObjects: 1.398400 ms  DeleteObjects: 0.011800 ms)

========================================================================
Received Import Request.
  Time since last request: 8.583219 seconds.
  path: Assets/Vibrations/Scripts/VibrationParameter.cs
  artifactKey: Guid(b850a74027c4dff4d80e23048016a866) Importer(815301076,1909f56bfc062723c751e8b465ee728b)
Start importing Assets/Vibrations/Scripts/VibrationParameter.cs using Guid(b850a74027c4dff4d80e23048016a866) Importer(815301076,1909f56bfc062723c751e8b465ee728b)  -> (artifact id: '0e37b511209b5211eafed33a634534df') in 0.004230 seconds
  Import took 0.006347 seconds .

========================================================================
Received Import Request.
  Time since last request: 1.160932 seconds.
  path: Assets/Vibrations/Scripts/Vibrations.cs
  artifactKey: Guid(a70a746f728b772469f67e41d0b20e74) Importer(815301076,1909f56bfc062723c751e8b465ee728b)
Start importing Assets/Vibrations/Scripts/Vibrations.cs using Guid(a70a746f728b772469f67e41d0b20e74) Importer(815301076,1909f56bfc062723c751e8b465ee728b)  -> (artifact id: 'b71c3cd4f3225b30d22d267fa67cdcb4') in 0.008194 seconds
  Import took 0.010257 seconds .

========================================================================
Received Import Request.
  Time since last request: 0.001930 seconds.
  path: Assets/Vibrations/Scripts/Vibrations.cs
  artifactKey: Guid(a70a746f728b772469f67e41d0b20e74) Importer(815301076,1909f56bfc062723c751e8b465ee728b)
Start importing Assets/Vibrations/Scripts/Vibrations.cs using Guid(a70a746f728b772469f67e41d0b20e74) Importer(815301076,1909f56bfc062723c751e8b465ee728b)  -> (artifact id: 'b71c3cd4f3225b30d22d267fa67cdcb4') in 0.004756 seconds
  Import took 0.006794 seconds .

========================================================================
Received Import Request.
  Time since last request: 0.707147 seconds.
  path: Assets/Vibrations/Scripts/VibrationsControls.cs
  artifactKey: Guid(04a10dea3acc5504bab6db5450cf2dba) Importer(815301076,1909f56bfc062723c751e8b465ee728b)
Start importing Assets/Vibrations/Scripts/VibrationsControls.cs using Guid(04a10dea3acc5504bab6db5450cf2dba) Importer(815301076,1909f56bfc062723c751e8b465ee728b)  -> (artifact id: '24d72517fd496aebdc3a45e4d6ced9f7') in 0.002847 seconds
  Import took 0.005145 seconds .

========================================================================
Received Import Request.
  Time since last request: 0.002922 seconds.
  path: Assets/Vibrations/Scripts/VibrationsControls.cs
  artifactKey: Guid(04a10dea3acc5504bab6db5450cf2dba) Importer(815301076,1909f56bfc062723c751e8b465ee728b)
Start importing Assets/Vibrations/Scripts/VibrationsControls.cs using Guid(04a10dea3acc5504bab6db5450cf2dba) Importer(815301076,1909f56bfc062723c751e8b465ee728b)  -> (artifact id: '24d72517fd496aebdc3a45e4d6ced9f7') in 0.003318 seconds
  Import took 0.005310 seconds .

========================================================================
Received Prepare
Registering precompiled user dll's ...
Registered in 0.001794 seconds.
Begin MonoManager ReloadAssembly
Native extension for WindowsStandalone target not found
Native extension for OSXStandalone target not found
Native extension for WebGL target not found
Refreshing native plugins compatible for Editor in 0.24 ms, found 1 plugins.
Preloading 0 native plugins for Editor in 0.00 ms.
Invoked RoslynAnalysisRunner static constructor.
RoslynAnalysisRunner will not be running.
RoslynAnalysisRunner has terminated.
Mono: successfully reloaded assembly
- Completed reload, in  0.710 seconds
Platform modules already initialized, skipping
Refreshing native plugins compatible for Editor in 0.24 ms, found 1 plugins.
Preloading 0 native plugins for Editor in 0.00 ms.
Unloading 1423 Unused Serialized files (Serialized files now loaded: 0)
System memory in use before: 68.0 MB.
System memory in use after: 68.1 MB.

Unloading 7 unused Assets to reduce memory usage. Loaded Objects now: 1970.
Total: 1.694800 ms (FindLiveObjects: 0.150600 ms CreateObjectMapping: 0.038400 ms MarkObjects: 1.492900 ms  DeleteObjects: 0.012200 ms)

========================================================================
Received Import Request.
  Time since last request: 251.797356 seconds.
  path: Assets/Vibrations/Scripts/Vibrations.cs
  artifactKey: Guid(a70a746f728b772469f67e41d0b20e74) Importer(815301076,1909f56bfc062723c751e8b465ee728b)
Start importing Assets/Vibrations/Scripts/Vibrations.cs using Guid(a70a746f728b772469f67e41d0b20e74) Importer(815301076,1909f56bfc062723c751e8b465ee728b)  -> (artifact id: '2ad14933e0dcbc3c575ecac995be32d2') in 0.004724 seconds
  Import took 0.006583 seconds .

AssetImportWorkerClient::OnTransportError - code=2 error=End of file
